# Logfile created on Wed Jun 22 16:56:14 +0800 2011 by logger.rb/22285
REQUESTING PAGE: GET / with {} and HTTP headers {}
REQUESTING PAGE: GET / with {} and HTTP headers {}
REQUESTING PAGE: GET / with {} and HTTP headers {"HTTP_REFERER"=>"/"}
REQUESTING PAGE: GET //performances with {} and HTTP headers {"HTTP_REFERER"=>"/"}
REQUESTING PAGE: GET / with {} and HTTP headers {}
REQUESTING PAGE: GET / with {} and HTTP headers {"HTTP_REFERER"=>"/"}
REQUESTING PAGE: GET //performances with {} and HTTP headers {"HTTP_REFERER"=>"/"}
REQUESTING PAGE: GET / with {} and HTTP headers {}
REQUESTING PAGE: GET / with {} and HTTP headers {"HTTP_REFERER"=>"/"}
REQUESTING PAGE: GET //performances with {} and HTTP headers {"HTTP_REFERER"=>"/"}
REQUESTING PAGE: GET / with {} and HTTP headers {}
REQUESTING PAGE: GET / with {} and HTTP headers {"HTTP_REFERER"=>"/"}
REQUESTING PAGE: GET //performances with {} and HTTP headers {"HTTP_REFERER"=>"/"}
REQUESTING PAGE: GET / with {} and HTTP headers {}
REQUESTING PAGE: GET / with {} and HTTP headers {"HTTP_REFERER"=>"/"}
REQUESTING PAGE: GET //performances with {} and HTTP headers {"HTTP_REFERER"=>"/"}
REQUESTING PAGE: GET / with {} and HTTP headers {}
REQUESTING PAGE: GET / with {} and HTTP headers {"HTTP_REFERER"=>"/"}
REQUESTING PAGE: GET //our_songs with {} and HTTP headers {"HTTP_REFERER"=>"/"}
REQUESTING PAGE: GET / with {} and HTTP headers {}
REQUESTING PAGE: GET / with {} and HTTP headers {"HTTP_REFERER"=>"/"}
REQUESTING PAGE: GET / with {} and HTTP headers {}
REQUESTING PAGE: GET //performances with {} and HTTP headers {"HTTP_REFERER"=>"/"}
REQUESTING PAGE: GET / with {} and HTTP headers {}
REQUESTING PAGE: GET //our_songs with {} and HTTP headers {"HTTP_REFERER"=>"/"}
REQUESTING PAGE: GET / with {} and HTTP headers {}
REQUESTING PAGE: GET / with {} and HTTP headers {"HTTP_REFERER"=>"/"}
REQUESTING PAGE: GET / with {} and HTTP headers {}
REQUESTING PAGE: GET / with {} and HTTP headers {"HTTP_REFERER"=>"/"}
REQUESTING PAGE: GET / with {} and HTTP headers {}
REQUESTING PAGE: GET / with {} and HTTP headers {"HTTP_REFERER"=>"/"}
REQUESTING PAGE: GET / with {} and HTTP headers {}
REQUESTING PAGE: GET / with {} and HTTP headers {"HTTP_REFERER"=>"/"}
REQUESTING PAGE: GET //performances with {} and HTTP headers {"HTTP_REFERER"=>"/"}
REQUESTING PAGE: GET / with {} and HTTP headers {}
REQUESTING PAGE: GET / with {} and HTTP headers {"HTTP_REFERER"=>"/"}
REQUESTING PAGE: GET / with {} and HTTP headers {}
REQUESTING PAGE: GET / with {} and HTTP headers {"HTTP_REFERER"=>"/"}
REQUESTING PAGE: GET / with {} and HTTP headers {}
REQUESTING PAGE: GET / with {} and HTTP headers {"HTTP_REFERER"=>"/"}
REQUESTING PAGE: GET / with {} and HTTP headers {}
REQUESTING PAGE: GET / with {} and HTTP headers {"HTTP_REFERER"=>"/"}
REQUESTING PAGE: GET //performances with {} and HTTP headers {"HTTP_REFERER"=>"/"}
REQUESTING PAGE: GET //performances/our_songs with {} and HTTP headers {"HTTP_REFERER"=>"//performances"}
REQUESTING PAGE: GET //performances/our_songs/gallery with {} and HTTP headers {"HTTP_REFERER"=>"//performances/our_songs"}
REQUESTING PAGE: GET / with {} and HTTP headers {}
REQUESTING PAGE: GET / with {} and HTTP headers {"HTTP_REFERER"=>"/"}
REQUESTING PAGE: GET //performances with {} and HTTP headers {"HTTP_REFERER"=>"/"}
REQUESTING PAGE: GET //performances/our_songs with {} and HTTP headers {"HTTP_REFERER"=>"//performances"}
REQUESTING PAGE: GET //performances/our_songs/gallery with {} and HTTP headers {"HTTP_REFERER"=>"//performances/our_songs"}
REQUESTING PAGE: GET / with {} and HTTP headers {}
REQUESTING PAGE: GET / with {} and HTTP headers {"HTTP_REFERER"=>"/"}
REQUESTING PAGE: GET //performances with {} and HTTP headers {"HTTP_REFERER"=>"/"}
REQUESTING PAGE: GET //performances/our_songs with {} and HTTP headers {"HTTP_REFERER"=>"//performances"}
REQUESTING PAGE: GET //performances/our_songs/gallery with {} and HTTP headers {"HTTP_REFERER"=>"//performances/our_songs"}
REQUESTING PAGE: GET / with {} and HTTP headers {}
REQUESTING PAGE: GET / with {} and HTTP headers {"HTTP_REFERER"=>"/"}
REQUESTING PAGE: GET //performances with {} and HTTP headers {"HTTP_REFERER"=>"/"}
REQUESTING PAGE: GET //performances/our_songs with {} and HTTP headers {"HTTP_REFERER"=>"//performances"}
REQUESTING PAGE: GET //performances/our_songs/gallery with {} and HTTP headers {"HTTP_REFERER"=>"//performances/our_songs"}
REQUESTING PAGE: GET / with {} and HTTP headers {}
REQUESTING PAGE: GET / with {} and HTTP headers {"HTTP_REFERER"=>"/"}
REQUESTING PAGE: GET //performances with {} and HTTP headers {"HTTP_REFERER"=>"/"}
REQUESTING PAGE: GET //performances/our_songs with {} and HTTP headers {"HTTP_REFERER"=>"//performances"}
REQUESTING PAGE: GET //performances/our_songs/how_to_join with {} and HTTP headers {"HTTP_REFERER"=>"//performances/our_songs"}
REQUESTING PAGE: GET / with {} and HTTP headers {}
REQUESTING PAGE: GET / with {} and HTTP headers {"HTTP_REFERER"=>"/"}
REQUESTING PAGE: GET //performances with {} and HTTP headers {"HTTP_REFERER"=>"/"}
REQUESTING PAGE: GET //performances/gallery with {} and HTTP headers {"HTTP_REFERER"=>"//performances"}
REQUESTING PAGE: GET //performances/gallery/how_to_join with {} and HTTP headers {"HTTP_REFERER"=>"//performances/gallery"}
REQUESTING PAGE: GET / with {} and HTTP headers {}
REQUESTING PAGE: GET / with {} and HTTP headers {"HTTP_REFERER"=>"/"}
REQUESTING PAGE: GET //performances with {} and HTTP headers {"HTTP_REFERER"=>"/"}
REQUESTING PAGE: GET //performances/our_songs with {} and HTTP headers {"HTTP_REFERER"=>"//performances"}
REQUESTING PAGE: GET //performances/our_songs/gallery with {} and HTTP headers {"HTTP_REFERER"=>"//performances/our_songs"}
REQUESTING PAGE: GET / with {} and HTTP headers {}
REQUESTING PAGE: GET / with {} and HTTP headers {"HTTP_REFERER"=>"/"}
REQUESTING PAGE: GET //performances with {} and HTTP headers {"HTTP_REFERER"=>"/"}
REQUESTING PAGE: GET //performances/our_songs with {} and HTTP headers {"HTTP_REFERER"=>"//performances"}
REQUESTING PAGE: GET //performances/our_songs/gallery with {} and HTTP headers {"HTTP_REFERER"=>"//performances/our_songs"}
REQUESTING PAGE: GET / with {} and HTTP headers {}
REQUESTING PAGE: GET / with {} and HTTP headers {"HTTP_REFERER"=>"/"}
REQUESTING PAGE: GET //performances with {} and HTTP headers {"HTTP_REFERER"=>"/"}
REQUESTING PAGE: GET //performances/our_songs with {} and HTTP headers {"HTTP_REFERER"=>"//performances"}
REQUESTING PAGE: GET //performances/our_songs/gallery with {} and HTTP headers {"HTTP_REFERER"=>"//performances/our_songs"}
REQUESTING PAGE: GET / with {} and HTTP headers {}
REQUESTING PAGE: GET / with {} and HTTP headers {"HTTP_REFERER"=>"/"}
REQUESTING PAGE: GET //performances with {} and HTTP headers {"HTTP_REFERER"=>"/"}
REQUESTING PAGE: GET //performances/our_songs with {} and HTTP headers {"HTTP_REFERER"=>"//performances"}
REQUESTING PAGE: GET //performances/our_songs/gallery with {} and HTTP headers {"HTTP_REFERER"=>"//performances/our_songs"}
REQUESTING PAGE: GET / with {} and HTTP headers {}
REQUESTING PAGE: GET / with {} and HTTP headers {"HTTP_REFERER"=>"/"}
REQUESTING PAGE: GET / with {} and HTTP headers {"HTTP_REFERER"=>"/"}
REQUESTING PAGE: GET //performances with {} and HTTP headers {"HTTP_REFERER"=>"/"}
REQUESTING PAGE: GET / with {} and HTTP headers {"HTTP_REFERER"=>"//performances"}
REQUESTING PAGE: GET //our_songs with {} and HTTP headers {"HTTP_REFERER"=>"/"}
REQUESTING PAGE: GET / with {} and HTTP headers {}
REQUESTING PAGE: GET / with {} and HTTP headers {"HTTP_REFERER"=>"/"}
REQUESTING PAGE: GET //performances with {} and HTTP headers {"HTTP_REFERER"=>"/"}
REQUESTING PAGE: GET / with {} and HTTP headers {}
REQUESTING PAGE: GET / with {} and HTTP headers {}
REQUESTING PAGE: GET / with {} and HTTP headers {}
REQUESTING PAGE: GET / with {} and HTTP headers {}
REQUESTING PAGE: GET / with {} and HTTP headers {}
REQUESTING PAGE: GET / with {} and HTTP headers {}
REQUESTING PAGE: GET / with {} and HTTP headers {}
REQUESTING PAGE: GET / with {} and HTTP headers {}
REQUESTING PAGE: GET / with {} and HTTP headers {}
REQUESTING PAGE: GET / with {} and HTTP headers {}
REQUESTING PAGE: GET / with {} and HTTP headers {}
REQUESTING PAGE: GET / with {} and HTTP headers {}
REQUESTING PAGE: GET / with {} and HTTP headers {}
REQUESTING PAGE: GET / with {} and HTTP headers {}
REQUESTING PAGE: GET / with {} and HTTP headers {}
REQUESTING PAGE: GET / with {} and HTTP headers {}
REQUESTING PAGE: GET / with {} and HTTP headers {}
REQUESTING PAGE: GET / with {} and HTTP headers {}
REQUESTING PAGE: GET / with {} and HTTP headers {}
REQUESTING PAGE: GET / with {} and HTTP headers {}
REQUESTING PAGE: GET / with {} and HTTP headers {}
REQUESTING PAGE: GET / with {} and HTTP headers {}
REQUESTING PAGE: GET / with {} and HTTP headers {}
